{"/Users/austingardner/Developer/Capstone/src/resolvers.js": {"path":"/Users/austingardner/Developer/Capstone/src/resolvers.js","statementMap":{"0":{"start":{"line":1,"column":18},"end":{"line":1,"column":37}},"1":{"start":{"line":2,"column":16},"end":{"line":2,"column":35}},"2":{"start":{"line":3,"column":21},"end":{"line":3,"column":40}},"3":{"start":{"line":5,"column":18},"end":{"line":36,"column":1}},"4":{"start":{"line":7,"column":40},"end":{"line":7,"column":88}},"5":{"start":{"line":7,"column":64},"end":{"line":7,"column":87}},"6":{"start":{"line":8,"column":51},"end":{"line":8,"column":119}},"7":{"start":{"line":8,"column":83},"end":{"line":8,"column":118}},"8":{"start":{"line":11,"column":37},"end":{"line":11,"column":86}},"9":{"start":{"line":11,"column":59},"end":{"line":11,"column":85}},"10":{"start":{"line":14,"column":37},"end":{"line":14,"column":86}},"11":{"start":{"line":14,"column":59},"end":{"line":14,"column":85}},"12":{"start":{"line":17,"column":24},"end":{"line":17,"column":29}},"13":{"start":{"line":18,"column":26},"end":{"line":18,"column":33}},"14":{"start":{"line":19,"column":29},"end":{"line":19,"column":39}},"15":{"start":{"line":20,"column":36},"end":{"line":20,"column":72}},"16":{"start":{"line":20,"column":56},"end":{"line":20,"column":71}},"17":{"start":{"line":24,"column":25},"end":{"line":31,"column":13}},"18":{"start":{"line":32,"column":12},"end":{"line":32,"column":28}},"19":{"start":{"line":33,"column":12},"end":{"line":33,"column":24}},"20":{"start":{"line":38,"column":0},"end":{"line":38,"column":27}}},"fnMap":{"0":{"name":"(anonymous_0)","decl":{"start":{"line":7,"column":16},"end":{"line":7,"column":17}},"loc":{"start":{"line":7,"column":40},"end":{"line":7,"column":88}},"line":7},"1":{"name":"(anonymous_1)","decl":{"start":{"line":7,"column":53},"end":{"line":7,"column":54}},"loc":{"start":{"line":7,"column":64},"end":{"line":7,"column":87}},"line":7},"2":{"name":"(anonymous_2)","decl":{"start":{"line":8,"column":20},"end":{"line":8,"column":21}},"loc":{"start":{"line":8,"column":51},"end":{"line":8,"column":119}},"line":8},"3":{"name":"(anonymous_3)","decl":{"start":{"line":8,"column":69},"end":{"line":8,"column":70}},"loc":{"start":{"line":8,"column":83},"end":{"line":8,"column":118}},"line":8},"4":{"name":"(anonymous_4)","decl":{"start":{"line":11,"column":15},"end":{"line":11,"column":16}},"loc":{"start":{"line":11,"column":37},"end":{"line":11,"column":86}},"line":11},"5":{"name":"(anonymous_5)","decl":{"start":{"line":11,"column":50},"end":{"line":11,"column":51}},"loc":{"start":{"line":11,"column":59},"end":{"line":11,"column":85}},"line":11},"6":{"name":"(anonymous_6)","decl":{"start":{"line":14,"column":15},"end":{"line":14,"column":16}},"loc":{"start":{"line":14,"column":37},"end":{"line":14,"column":86}},"line":14},"7":{"name":"(anonymous_7)","decl":{"start":{"line":14,"column":50},"end":{"line":14,"column":51}},"loc":{"start":{"line":14,"column":59},"end":{"line":14,"column":85}},"line":14},"8":{"name":"(anonymous_8)","decl":{"start":{"line":17,"column":18},"end":{"line":17,"column":19}},"loc":{"start":{"line":17,"column":24},"end":{"line":17,"column":29}},"line":17},"9":{"name":"(anonymous_9)","decl":{"start":{"line":18,"column":20},"end":{"line":18,"column":21}},"loc":{"start":{"line":18,"column":26},"end":{"line":18,"column":33}},"line":18},"10":{"name":"(anonymous_10)","decl":{"start":{"line":19,"column":23},"end":{"line":19,"column":24}},"loc":{"start":{"line":19,"column":29},"end":{"line":19,"column":39}},"line":19},"11":{"name":"(anonymous_11)","decl":{"start":{"line":20,"column":17},"end":{"line":20,"column":18}},"loc":{"start":{"line":20,"column":36},"end":{"line":20,"column":72}},"line":20},"12":{"name":"(anonymous_12)","decl":{"start":{"line":20,"column":47},"end":{"line":20,"column":48}},"loc":{"start":{"line":20,"column":56},"end":{"line":20,"column":71}},"line":20},"13":{"name":"(anonymous_13)","decl":{"start":{"line":23,"column":17},"end":{"line":23,"column":18}},"loc":{"start":{"line":23,"column":84},"end":{"line":34,"column":9}},"line":23}},"branchMap":{},"s":{"0":3,"1":3,"2":3,"3":3,"4":1,"5":1,"6":1,"7":3,"8":0,"9":0,"10":0,"11":0,"12":1,"13":1,"14":1,"15":1,"16":1,"17":1,"18":1,"19":1,"20":3},"f":{"0":1,"1":1,"2":1,"3":3,"4":0,"5":0,"6":0,"7":0,"8":1,"9":1,"10":1,"11":1,"12":1,"13":1},"b":{},"_coverageSchema":"1a1c01bbd47fc00a2c39e90264f33305004495a9","hash":"7b2cded107046908fc2a4976a2cae32b64b37229"}
,"/Users/austingardner/Developer/Capstone/src/schema.js": {"path":"/Users/austingardner/Developer/Capstone/src/schema.js","statementMap":{"0":{"start":{"line":1,"column":14},"end":{"line":1,"column":38}},"1":{"start":{"line":3,"column":17},"end":{"line":43,"column":1}},"2":{"start":{"line":45,"column":0},"end":{"line":45,"column":28}},"3":{"start":{"line":48,"column":14},"end":{"line":83,"column":1}},"4":{"start":{"line":84,"column":16},"end":{"line":133,"column":1}},"5":{"start":{"line":134,"column":19},"end":{"line":150,"column":1}},"6":{"start":{"line":152,"column":0},"end":{"line":152,"column":23}},"7":{"start":{"line":153,"column":0},"end":{"line":153,"column":26}},"8":{"start":{"line":154,"column":0},"end":{"line":154,"column":33}}},"fnMap":{},"branchMap":{},"s":{"0":3,"1":3,"2":3,"3":3,"4":3,"5":3,"6":3,"7":3,"8":3},"f":{},"b":{},"_coverageSchema":"1a1c01bbd47fc00a2c39e90264f33305004495a9","hash":"59c5f741a4f9a5614bb2955d9faaf00ec6df4a62"}
}
