{"/Users/austingardner/Developer/Capstone/src/resolvers.js": {"path":"/Users/austingardner/Developer/Capstone/src/resolvers.js","statementMap":{"0":{"start":{"line":3,"column":25},"end":{"line":38,"column":1}},"1":{"start":{"line":6,"column":3},"end":{"line":6,"column":51}},"2":{"start":{"line":6,"column":28},"end":{"line":6,"column":50}},"3":{"start":{"line":8,"column":3},"end":{"line":8,"column":69}},"4":{"start":{"line":8,"column":35},"end":{"line":8,"column":68}},"5":{"start":{"line":12,"column":3},"end":{"line":12,"column":52}},"6":{"start":{"line":12,"column":26},"end":{"line":12,"column":51}},"7":{"start":{"line":16,"column":3},"end":{"line":16,"column":52}},"8":{"start":{"line":16,"column":26},"end":{"line":16,"column":51}},"9":{"start":{"line":19,"column":18},"end":{"line":19,"column":23}},"10":{"start":{"line":20,"column":20},"end":{"line":20,"column":27}},"11":{"start":{"line":21,"column":23},"end":{"line":21,"column":33}},"12":{"start":{"line":22,"column":32},"end":{"line":22,"column":68}},"13":{"start":{"line":22,"column":53},"end":{"line":22,"column":67}},"14":{"start":{"line":26,"column":16},"end":{"line":33,"column":4}},"15":{"start":{"line":34,"column":3},"end":{"line":34,"column":20}},"16":{"start":{"line":35,"column":3},"end":{"line":35,"column":15}}},"fnMap":{"0":{"name":"(anonymous_0)","decl":{"start":{"line":5,"column":10},"end":{"line":5,"column":11}},"loc":{"start":{"line":6,"column":3},"end":{"line":6,"column":51}},"line":6},"1":{"name":"(anonymous_1)","decl":{"start":{"line":6,"column":16},"end":{"line":6,"column":17}},"loc":{"start":{"line":6,"column":28},"end":{"line":6,"column":50}},"line":6},"2":{"name":"(anonymous_2)","decl":{"start":{"line":7,"column":14},"end":{"line":7,"column":15}},"loc":{"start":{"line":8,"column":3},"end":{"line":8,"column":69}},"line":8},"3":{"name":"(anonymous_3)","decl":{"start":{"line":8,"column":21},"end":{"line":8,"column":22}},"loc":{"start":{"line":8,"column":35},"end":{"line":8,"column":68}},"line":8},"4":{"name":"(anonymous_4)","decl":{"start":{"line":11,"column":9},"end":{"line":11,"column":10}},"loc":{"start":{"line":12,"column":3},"end":{"line":12,"column":52}},"line":12},"5":{"name":"(anonymous_5)","decl":{"start":{"line":12,"column":16},"end":{"line":12,"column":17}},"loc":{"start":{"line":12,"column":26},"end":{"line":12,"column":51}},"line":12},"6":{"name":"(anonymous_6)","decl":{"start":{"line":15,"column":9},"end":{"line":15,"column":10}},"loc":{"start":{"line":16,"column":3},"end":{"line":16,"column":52}},"line":16},"7":{"name":"(anonymous_7)","decl":{"start":{"line":16,"column":16},"end":{"line":16,"column":17}},"loc":{"start":{"line":16,"column":26},"end":{"line":16,"column":51}},"line":16},"8":{"name":"(anonymous_8)","decl":{"start":{"line":19,"column":12},"end":{"line":19,"column":13}},"loc":{"start":{"line":19,"column":18},"end":{"line":19,"column":23}},"line":19},"9":{"name":"(anonymous_9)","decl":{"start":{"line":20,"column":14},"end":{"line":20,"column":15}},"loc":{"start":{"line":20,"column":20},"end":{"line":20,"column":27}},"line":20},"10":{"name":"(anonymous_10)","decl":{"start":{"line":21,"column":17},"end":{"line":21,"column":18}},"loc":{"start":{"line":21,"column":23},"end":{"line":21,"column":33}},"line":21},"11":{"name":"(anonymous_11)","decl":{"start":{"line":22,"column":11},"end":{"line":22,"column":12}},"loc":{"start":{"line":22,"column":32},"end":{"line":22,"column":68}},"line":22},"12":{"name":"(anonymous_12)","decl":{"start":{"line":22,"column":43},"end":{"line":22,"column":44}},"loc":{"start":{"line":22,"column":53},"end":{"line":22,"column":67}},"line":22},"13":{"name":"(anonymous_13)","decl":{"start":{"line":25,"column":2},"end":{"line":25,"column":3}},"loc":{"start":{"line":25,"column":75},"end":{"line":36,"column":3}},"line":25}},"branchMap":{},"s":{"0":3,"1":1,"2":1,"3":1,"4":3,"5":8,"6":32,"7":3,"8":12,"9":1,"10":1,"11":1,"12":1,"13":1,"14":1,"15":1,"16":1},"f":{"0":1,"1":1,"2":1,"3":3,"4":8,"5":32,"6":3,"7":12,"8":1,"9":1,"10":1,"11":1,"12":1,"13":1},"b":{},"_coverageSchema":"1a1c01bbd47fc00a2c39e90264f33305004495a9","hash":"9a11ccbf46cb02fd1edd35e3726f5afecde52447"}
,"/Users/austingardner/Developer/Capstone/src/schema.js": {"path":"/Users/austingardner/Developer/Capstone/src/schema.js","statementMap":{"0":{"start":{"line":3,"column":24},"end":{"line":42,"column":1}},"1":{"start":{"line":45,"column":21},"end":{"line":80,"column":1}},"2":{"start":{"line":81,"column":23},"end":{"line":130,"column":1}},"3":{"start":{"line":131,"column":26},"end":{"line":147,"column":1}}},"fnMap":{},"branchMap":{},"s":{"0":3,"1":3,"2":3,"3":3},"f":{},"b":{},"_coverageSchema":"1a1c01bbd47fc00a2c39e90264f33305004495a9","hash":"cddda151da5ee92d90d5636740d600d40ab80819"}
}
