TN:
SF:src/resolvers.js
FN:7,(anonymous_0)
FN:7,(anonymous_1)
FN:8,(anonymous_2)
FN:8,(anonymous_3)
FN:11,(anonymous_4)
FN:11,(anonymous_5)
FN:14,(anonymous_6)
FN:14,(anonymous_7)
FN:17,(anonymous_8)
FN:18,(anonymous_9)
FN:19,(anonymous_10)
FN:20,(anonymous_11)
FN:20,(anonymous_12)
FN:23,(anonymous_13)
FNF:14
FNH:10
FNDA:1,(anonymous_0)
FNDA:1,(anonymous_1)
FNDA:1,(anonymous_2)
FNDA:3,(anonymous_3)
FNDA:0,(anonymous_4)
FNDA:0,(anonymous_5)
FNDA:0,(anonymous_6)
FNDA:0,(anonymous_7)
FNDA:1,(anonymous_8)
FNDA:1,(anonymous_9)
FNDA:1,(anonymous_10)
FNDA:1,(anonymous_11)
FNDA:1,(anonymous_12)
FNDA:1,(anonymous_13)
DA:1,3
DA:2,3
DA:3,3
DA:5,3
DA:7,1
DA:8,3
DA:11,0
DA:14,0
DA:17,1
DA:18,1
DA:19,1
DA:20,1
DA:24,1
DA:32,1
DA:33,1
DA:38,3
LF:16
LH:14
BRF:0
BRH:0
end_of_record
TN:
SF:src/schema.js
FNF:0
FNH:0
DA:1,3
DA:3,3
DA:45,3
DA:48,3
DA:84,3
DA:134,3
DA:152,3
DA:153,3
DA:154,3
LF:9
LH:9
BRF:0
BRH:0
end_of_record
